\BOOKMARK [1][-]{section.1}{\376\377\133\236\232\214\166\356\166\204}{}% 1
\BOOKMARK [1][-]{section.2}{\376\377\133\236\232\214\163\257\130\203}{}% 2
\BOOKMARK [1][-]{section.3}{\376\377\133\236\232\214\121\205\133\271}{}% 3
\BOOKMARK [2][-]{subsection.3.1}{\376\377\122\051\165\050\127\372\147\054\220\073\217\221\225\350\213\276\213\241\116\000\116\052\0003\217\223\121\145\131\032\145\160\210\150\121\263\126\150}{section.3}% 4
\BOOKMARK [3][-]{subsubsection.3.1.1}{\376\377\145\164\117\123\145\271\150\110\213\276\213\241}{subsection.3.1}% 5
\BOOKMARK [3][-]{subsubsection.3.1.2}{\376\377\230\166\134\102\152\041\127\127\213\276\213\241}{subsection.3.1}% 6
\BOOKMARK [3][-]{subsubsection.3.1.3}{\376\377\217\223\121\145\217\223\121\372\137\025\201\032}{subsection.3.1}% 7
\BOOKMARK [3][-]{subsubsection.3.1.4}{\376\377\123\237\164\006\126\376\124\214\165\065\215\357\126\376}{subsection.3.1}% 8
\BOOKMARK [3][-]{subsubsection.3.1.5}{\376\377\116\377\167\037\155\113\213\325\126\376}{subsection.3.1}% 9
\BOOKMARK [3][-]{subsubsection.3.1.6}{\376\377\225\031\213\357\163\260\214\141\123\312\122\006\147\220}{subsection.3.1}% 10
\BOOKMARK [2][-]{subsection.3.2}{\376\377\122\051\165\050\000C\000M\000O\000S\146\166\117\123\173\241\147\204\136\372\116\044\217\223\121\145\142\026\225\350\377\014\136\166\232\214\213\301\121\166\122\237\200\375}{section.3}% 11
\BOOKMARK [3][-]{subsubsection.3.2.1}{\376\377\145\164\117\123\145\271\150\110\213\276\213\241}{subsection.3.2}% 12
\BOOKMARK [3][-]{subsubsection.3.2.2}{\376\377\230\166\134\102\152\041\127\127\213\276\213\241}{subsection.3.2}% 13
\BOOKMARK [3][-]{subsubsection.3.2.3}{\376\377\217\223\121\145\217\223\121\372\137\025\201\032}{subsection.3.2}% 14
\BOOKMARK [3][-]{subsubsection.3.2.4}{\376\377\123\237\164\006\126\376\124\214\165\065\215\357\126\376}{subsection.3.2}% 15
\BOOKMARK [3][-]{subsubsection.3.2.5}{\376\377\116\377\167\037\155\113\213\325\126\376}{subsection.3.2}% 16
\BOOKMARK [3][-]{subsubsection.3.2.6}{\376\377\225\031\213\357\163\260\214\141\123\312\122\006\147\220}{subsection.3.2}% 17
\BOOKMARK [2][-]{subsection.3.3}{\376\377\122\051\165\050\127\372\147\054\220\073\217\221\225\350\124\214\000C\000M\000O\000S\146\166\117\123\173\241\133\236\163\260\131\032\215\357\220\011\142\351\126\150\377\014\136\166\217\333\210\114\227\131\140\001\121\222\226\151\150\300\155\113}{section.3}% 18
\BOOKMARK [3][-]{subsubsection.3.3.1}{\376\377\145\164\117\123\145\271\150\110\213\276\213\241}{subsection.3.3}% 19
\BOOKMARK [3][-]{subsubsection.3.3.2}{\376\377\230\166\134\102\152\041\127\127\213\276\213\241}{subsection.3.3}% 20
\BOOKMARK [3][-]{subsubsection.3.3.3}{\376\377\217\223\121\145\217\223\121\372\137\025\201\032}{subsection.3.3}% 21
\BOOKMARK [3][-]{subsubsection.3.3.4}{\376\377\123\237\164\006\126\376\124\214\165\065\215\357\126\376}{subsection.3.3}% 22
\BOOKMARK [3][-]{subsubsection.3.3.5}{\376\377\116\377\167\037\155\113\213\325\126\376}{subsection.3.3}% 23
\BOOKMARK [3][-]{subsubsection.3.3.6}{\376\377\227\131\140\001\121\222\226\151\150\300\155\113}{subsection.3.3}% 24
\BOOKMARK [3][-]{subsubsection.3.3.7}{\376\377\225\031\213\357\163\260\214\141\123\312\122\006\147\220}{subsection.3.3}% 25
\BOOKMARK [2][-]{subsection.3.4}{\376\377\122\051\165\050\117\040\217\223\225\350\133\236\163\260\0002\215\357\220\011\142\351\126\150}{section.3}% 26
\BOOKMARK [3][-]{subsubsection.3.4.1}{\376\377\145\164\117\123\145\271\150\110\213\276\213\241}{subsection.3.4}% 27
\BOOKMARK [3][-]{subsubsection.3.4.2}{\376\377\230\166\134\102\152\041\127\127\213\276\213\241}{subsection.3.4}% 28
\BOOKMARK [3][-]{subsubsection.3.4.3}{\376\377\217\223\121\145\217\223\121\372\137\025\201\032}{subsection.3.4}% 29
\BOOKMARK [3][-]{subsubsection.3.4.4}{\376\377\123\237\164\006\126\376\124\214\165\065\215\357\126\376}{subsection.3.4}% 30
\BOOKMARK [3][-]{subsubsection.3.4.5}{\376\377\116\377\167\037\155\113\213\325\126\376}{subsection.3.4}% 31
\BOOKMARK [3][-]{subsubsection.3.4.6}{\376\377\225\031\213\357\163\260\214\141\123\312\122\006\147\220}{subsection.3.4}% 32
\BOOKMARK [2][-]{subsection.3.5}{\376\377\117\177\165\050\176\304\124\010\165\065\215\357\122\006\147\220\122\237\200\375\213\276\213\241\0002\220\011\0001\131\032\215\357\220\011\142\351\126\150}{section.3}% 33
\BOOKMARK [3][-]{subsubsection.3.5.1}{\376\377\144\315\117\134\145\271\154\325}{subsection.3.5}% 34
\BOOKMARK [3][-]{subsubsection.3.5.2}{\376\377\165\065\215\357\126\376}{subsection.3.5}% 35
\BOOKMARK [3][-]{subsubsection.3.5.3}{\376\377\225\031\213\357\163\260\214\141\123\312\122\006\147\220}{subsection.3.5}% 36
\BOOKMARK [2][-]{subsection.3.6}{\376\377\117\177\165\050\0002\215\357\220\011\142\351\126\150\176\247\200\124\147\204\136\372\116\000\116\052\0004\215\357\220\011\142\351\126\150}{section.3}% 37
\BOOKMARK [3][-]{subsubsection.3.6.1}{\376\377\145\164\117\123\145\271\150\110\213\276\213\241}{subsection.3.6}% 38
\BOOKMARK [3][-]{subsubsection.3.6.2}{\376\377\230\166\134\102\152\041\127\127\213\276\213\241}{subsection.3.6}% 39
\BOOKMARK [3][-]{subsubsection.3.6.3}{\376\377\217\223\121\145\217\223\121\372\137\025\201\032}{subsection.3.6}% 40
\BOOKMARK [3][-]{subsubsection.3.6.4}{\376\377\123\237\164\006\126\376\124\214\165\065\215\357\126\376}{subsection.3.6}% 41
\BOOKMARK [3][-]{subsubsection.3.6.5}{\376\377\116\377\167\037\155\113\213\325\126\376}{subsection.3.6}% 42
\BOOKMARK [3][-]{subsubsection.3.6.6}{\376\377\225\031\213\357\163\260\214\141\123\312\122\006\147\220}{subsection.3.6}% 43
\BOOKMARK [2][-]{subsection.3.7}{\376\377\226\247\220\123\124\214\226\306\176\277\126\150\220\350\116\366\133\236\232\214}{section.3}% 44
\BOOKMARK [3][-]{subsubsection.3.7.1}{\376\377\145\164\117\123\145\271\150\110\213\276\213\241}{subsection.3.7}% 45
\BOOKMARK [3][-]{subsubsection.3.7.2}{\376\377\230\166\134\102\152\041\127\127\213\276\213\241}{subsection.3.7}% 46
\BOOKMARK [3][-]{subsubsection.3.7.3}{\376\377\217\223\121\145\217\223\121\372\137\025\201\032}{subsection.3.7}% 47
\BOOKMARK [3][-]{subsubsection.3.7.4}{\376\377\123\237\164\006\126\376\124\214\165\065\215\357\126\376}{subsection.3.7}% 48
\BOOKMARK [3][-]{subsubsection.3.7.5}{\376\377\116\377\167\037\155\113\213\325\126\376}{subsection.3.7}% 49
\BOOKMARK [3][-]{subsubsection.3.7.6}{\376\377\225\031\213\357\163\260\214\141\123\312\122\006\147\220}{subsection.3.7}% 50
\BOOKMARK [1][-]{section.4}{\376\377\140\035\200\003\230\230}{}% 51
\BOOKMARK [2][-]{subsection.4.1}{\376\377\134\006\133\236\232\214\116\055\213\276\213\241\166\204\142\026\225\350\117\134\116\072\133\120\165\065\215\357\136\224\165\050\122\060\0002\000-\0001\000M\000U\000X\000-\000h\000a\000z\000a\000r\000d\165\065\215\357\116\055}{section.4}% 52
\BOOKMARK [2][-]{subsection.4.2}{\376\377\117\356\145\071\163\260\147\011\165\065\215\357\213\276\213\241\133\236\163\260\0004\117\115\0004\220\011\0001\131\032\215\357\220\011\142\351\126\150}{section.4}% 53
\BOOKMARK [2][-]{subsection.4.3}{\376\377\213\276\213\241\136\166\133\236\163\260\0004\117\115\116\214\217\333\122\066\145\160\166\204\131\107\120\166\150\041\232\214\117\115\165\037\142\020\165\065\215\357}{section.4}% 54
\BOOKMARK [3][-]{subsubsection.4.3.1}{\376\377\145\164\117\123\145\271\150\110\213\276\213\241}{subsection.4.3}% 55
\BOOKMARK [3][-]{subsubsection.4.3.2}{\376\377\217\223\121\145\217\223\121\372\137\025\201\032}{subsection.4.3}% 56
\BOOKMARK [3][-]{subsubsection.4.3.3}{\376\377\123\237\164\006\126\376\124\214\165\065\215\357\126\376}{subsection.4.3}% 57
\BOOKMARK [3][-]{subsubsection.4.3.4}{\376\377\116\377\167\037\155\113\213\325\126\376}{subsection.4.3}% 58
