\BOOKMARK [1][-]{section.1}{\376\377\133\236\232\214\166\356\166\204}{}% 1
\BOOKMARK [1][-]{section.2}{\376\377\133\236\232\214\163\257\130\203}{}% 2
\BOOKMARK [1][-]{section.3}{\376\377\133\236\232\214\121\205\133\271}{}% 3
\BOOKMARK [2][-]{subsection.3.1}{\376\377\145\160\143\156\133\130\120\250\126\150}{section.3}% 4
\BOOKMARK [3][-]{subsubsection.3.1.1}{\376\377\145\164\117\123\145\271\150\110\213\276\213\241}{subsection.3.1}% 5
\BOOKMARK [3][-]{subsubsection.3.1.2}{\376\377\230\166\134\102\152\041\127\127\213\276\213\241}{subsection.3.1}% 6
\BOOKMARK [3][-]{subsubsection.3.1.3}{\376\377\137\025\201\032\117\134\165\050}{subsection.3.1}% 7
\BOOKMARK [3][-]{subsubsection.3.1.4}{\376\377\123\237\164\006\126\376\124\214\165\065\215\357\126\376}{subsection.3.1}% 8
\BOOKMARK [3][-]{subsubsection.3.1.5}{\376\377\116\377\167\037\155\113\213\325\126\376}{subsection.3.1}% 9
\BOOKMARK [3][-]{subsubsection.3.1.6}{\376\377\225\031\213\357\163\260\214\141\123\312\122\006\147\220}{subsection.3.1}% 10
\BOOKMARK [2][-]{subsection.3.2}{\376\377\000A\000S\000C\000I\000I\000\040\170\001\146\076\171\072}{section.3}% 11
\BOOKMARK [3][-]{subsubsection.3.2.1}{\376\377\145\164\117\123\145\271\150\110\213\276\213\241}{subsection.3.2}% 12
\BOOKMARK [3][-]{subsubsection.3.2.2}{\376\377\230\166\134\102\152\041\127\127\213\276\213\241}{subsection.3.2}% 13
\BOOKMARK [3][-]{subsubsection.3.2.3}{\376\377\137\025\201\032\117\134\165\050}{subsection.3.2}% 14
\BOOKMARK [3][-]{subsubsection.3.2.4}{\376\377\123\237\164\006\126\376\124\214\165\065\215\357\126\376}{subsection.3.2}% 15
\BOOKMARK [3][-]{subsubsection.3.2.5}{\376\377\116\377\167\037\155\113\213\325\126\376}{subsection.3.2}% 16
\BOOKMARK [3][-]{subsubsection.3.2.6}{\376\377\225\031\213\357\163\260\214\141\123\312\122\006\147\220}{subsection.3.2}% 17
\BOOKMARK [2][-]{subsection.3.3}{\376\377\123\326\143\007\116\344\220\350\116\366\000\040\000I\000F\000U}{section.3}% 18
\BOOKMARK [3][-]{subsubsection.3.3.1}{\376\377\145\164\117\123\145\271\150\110\213\276\213\241}{subsection.3.3}% 19
\BOOKMARK [3][-]{subsubsection.3.3.2}{\376\377\230\166\134\102\152\041\127\127\213\276\213\241}{subsection.3.3}% 20
\BOOKMARK [3][-]{subsubsection.3.3.3}{\376\377\137\025\201\032\117\134\165\050}{subsection.3.3}% 21
\BOOKMARK [3][-]{subsubsection.3.3.4}{\376\377\123\237\164\006\126\376\124\214\165\065\215\357\126\376}{subsection.3.3}% 22
\BOOKMARK [3][-]{subsubsection.3.3.5}{\376\377\116\377\167\037\155\113\213\325\126\376}{subsection.3.3}% 23
\BOOKMARK [3][-]{subsubsection.3.3.6}{\376\377\225\031\213\357\163\260\214\141\123\312\122\006\147\220}{subsection.3.3}% 24
\BOOKMARK [2][-]{subsection.3.4}{\376\377\172\313\123\163\145\160\142\151\134\125\126\150}{section.3}% 25
\BOOKMARK [3][-]{subsubsection.3.4.1}{\376\377\145\164\117\123\145\271\150\110\213\276\213\241}{subsection.3.4}% 26
\BOOKMARK [3][-]{subsubsection.3.4.2}{\376\377\230\166\134\102\152\041\127\127\213\276\213\241}{subsection.3.4}% 27
\BOOKMARK [3][-]{subsubsection.3.4.3}{\376\377\137\025\201\032\117\134\165\050}{subsection.3.4}% 28
\BOOKMARK [3][-]{subsubsection.3.4.4}{\376\377\123\237\164\006\126\376\124\214\165\065\215\357\126\376}{subsection.3.4}% 29
\BOOKMARK [3][-]{subsubsection.3.4.5}{\376\377\116\377\167\037\155\113\213\325\126\376}{subsection.3.4}% 30
\BOOKMARK [3][-]{subsubsection.3.4.6}{\376\377\225\031\213\357\163\260\214\141\123\312\122\006\147\220}{subsection.3.4}% 31
\BOOKMARK [2][-]{subsection.3.5}{\376\377\215\363\217\154\143\247\122\066\126\150}{section.3}% 32
\BOOKMARK [3][-]{subsubsection.3.5.1}{\376\377\145\164\117\123\145\271\150\110\213\276\213\241}{subsection.3.5}% 33
\BOOKMARK [3][-]{subsubsection.3.5.2}{\376\377\230\166\134\102\152\041\127\127\213\276\213\241}{subsection.3.5}% 34
\BOOKMARK [3][-]{subsubsection.3.5.3}{\376\377\137\025\201\032\117\134\165\050}{subsection.3.5}% 35
\BOOKMARK [3][-]{subsubsection.3.5.4}{\376\377\123\237\164\006\126\376\124\214\165\065\215\357\126\376}{subsection.3.5}% 36
\BOOKMARK [3][-]{subsubsection.3.5.5}{\376\377\116\377\167\037\155\113\213\325\126\376}{subsection.3.5}% 37
\BOOKMARK [3][-]{subsubsection.3.5.6}{\376\377\225\031\213\357\163\260\214\141\123\312\122\006\147\220}{subsection.3.5}% 38
\BOOKMARK [2][-]{subsection.3.6}{\376\377\000I\000D\000U}{section.3}% 39
\BOOKMARK [3][-]{subsubsection.3.6.1}{\376\377\145\164\117\123\145\271\150\110\213\276\213\241}{subsection.3.6}% 40
\BOOKMARK [3][-]{subsubsection.3.6.2}{\376\377\230\166\134\102\152\041\127\127\213\276\213\241}{subsection.3.6}% 41
\BOOKMARK [3][-]{subsubsection.3.6.3}{\376\377\137\025\201\032\117\134\165\050}{subsection.3.6}% 42
\BOOKMARK [3][-]{subsubsection.3.6.4}{\376\377\123\237\164\006\126\376\124\214\165\065\215\357\126\376}{subsection.3.6}% 43
\BOOKMARK [3][-]{subsubsection.3.6.5}{\376\377\116\377\167\037\155\113\213\325\126\376}{subsection.3.6}% 44
\BOOKMARK [3][-]{subsubsection.3.6.6}{\376\377\225\031\213\357\163\260\214\141\123\312\122\006\147\220}{subsection.3.6}% 45
\BOOKMARK [2][-]{subsection.3.7}{\376\377\145\160\143\156\220\032\215\357}{section.3}% 46
\BOOKMARK [3][-]{subsubsection.3.7.1}{\376\377\145\164\117\123\145\271\150\110\213\276\213\241}{subsection.3.7}% 47
\BOOKMARK [3][-]{subsubsection.3.7.2}{\376\377\137\025\201\032\117\134\165\050}{subsection.3.7}% 48
\BOOKMARK [3][-]{subsubsection.3.7.3}{\376\377\123\237\164\006\126\376\124\214\165\065\215\357\126\376}{subsection.3.7}% 49
\BOOKMARK [3][-]{subsubsection.3.7.4}{\376\377\116\377\167\037\155\113\213\325\126\376}{subsection.3.7}% 50
\BOOKMARK [3][-]{subsubsection.3.7.5}{\376\377\225\031\213\357\163\260\214\141\123\312\122\006\147\220}{subsection.3.7}% 51
\BOOKMARK [1][-]{section.4}{\376\377\140\035\200\003\230\230}{}% 52
\BOOKMARK [2][-]{subsection.4.1}{\376\377\131\202\117\125\142\323\134\125\000\040\000R\000O\000M\000\040\133\236\232\214\133\236\163\260\215\321\232\154\160\157\166\204\122\237\200\375\377\014\127\050\000\040\0003\000\040\116\052\000\040\000L\000E\000D\000\040\160\271\226\065\116\055\377\014\156\332\122\250\146\076\171\072\000\040\0005\000\040\116\052\000\040\000A\000S\000C\000I\000I\000\040\133\127\173\046\377\014\131\202\040\034\000N\000J\000U\000C\000S\040\035\060\002}{section.4}% 53
\BOOKMARK [2][-]{subsection.4.2}{\376\377\210\150\000\040\0005\000.\0002\000\040\176\331\121\372\166\204\173\054\000\040\0001\0001\000\040\147\141\155\113\213\325\143\007\116\344\116\055\150\007\123\367\000\040\000l\000a\000b\000e\000l\0002\000\040\142\100\210\150\171\072\166\204\120\117\171\373\127\060\127\100\146\057\131\032\134\021\377\010\165\050\167\037\120\074\210\150\171\072\377\011\377\037}{section.4}% 54
\BOOKMARK [2][-]{subsection.4.3}{\376\377\127\050\000\040\000R\000i\000s\000c\000-\000V\000\040\147\266\147\204\116\055\377\014\116\076\117\213\213\364\146\016\116\300\116\110\146\057\117\052\143\007\116\344\377\037\117\052\143\007\116\344\131\202\117\125\133\236\163\260\377\037}{section.4}% 55
\BOOKMARK [2][-]{subsection.4.4}{\376\377\127\050\143\007\116\344\142\147\210\114\217\307\172\013\116\055\377\014\131\202\117\125\133\236\163\260\172\013\136\217\176\323\147\137\124\016\377\014\143\007\116\344\116\015\121\215\176\347\176\355\142\147\210\114\377\037}{section.4}% 56
