\BOOKMARK [1][-]{section.1}{\376\377\133\236\232\214\166\356\166\204}{}% 1
\BOOKMARK [1][-]{section.2}{\376\377\133\236\232\214\163\257\130\203}{}% 2
\BOOKMARK [1][-]{section.3}{\376\377\133\236\232\214\121\205\133\271}{}% 3
\BOOKMARK [2][-]{subsection.3.1}{\376\377\213\241\145\160\126\150\133\236\232\214}{section.3}% 4
\BOOKMARK [3][-]{subsubsection.3.1.1}{\376\377\145\164\117\123\145\271\150\110\213\276\213\241}{subsection.3.1}% 5
\BOOKMARK [3][-]{subsubsection.3.1.2}{\376\377\230\166\134\102\152\041\127\127\213\276\213\241}{subsection.3.1}% 6
\BOOKMARK [3][-]{subsubsection.3.1.3}{\376\377\137\025\201\032\117\134\165\050}{subsection.3.1}% 7
\BOOKMARK [3][-]{subsubsection.3.1.4}{\376\377\123\237\164\006\126\376\124\214\165\065\215\357\126\376}{subsection.3.1}% 8
\BOOKMARK [3][-]{subsubsection.3.1.5}{\376\377\116\377\167\037\155\113\213\325\126\376}{subsection.3.1}% 9
\BOOKMARK [3][-]{subsubsection.3.1.6}{\376\377\225\031\213\357\163\260\214\141\123\312\122\006\147\220}{subsection.3.1}% 10
\BOOKMARK [2][-]{subsection.3.2}{\376\377\145\160\133\127\145\366\224\237\133\236\232\214}{section.3}% 11
\BOOKMARK [3][-]{subsubsection.3.2.1}{\376\377\145\164\117\123\145\271\150\110\213\276\213\241}{subsection.3.2}% 12
\BOOKMARK [3][-]{subsubsection.3.2.2}{\376\377\230\166\134\102\152\041\127\127\213\276\213\241}{subsection.3.2}% 13
\BOOKMARK [3][-]{subsubsection.3.2.3}{\376\377\137\025\201\032\117\134\165\050}{subsection.3.2}% 14
\BOOKMARK [3][-]{subsubsection.3.2.4}{\376\377\123\237\164\006\126\376\124\214\165\065\215\357\126\376}{subsection.3.2}% 15
\BOOKMARK [3][-]{subsubsection.3.2.5}{\376\377\116\377\167\037\155\113\213\325\126\376}{subsection.3.2}% 16
\BOOKMARK [3][-]{subsubsection.3.2.6}{\376\377\225\031\213\357\163\260\214\141\123\312\122\006\147\220}{subsection.3.2}% 17
\BOOKMARK [2][-]{subsection.3.3}{\376\377\171\373\117\115\133\304\133\130\126\150\133\236\232\214}{section.3}% 18
\BOOKMARK [3][-]{subsubsection.3.3.1}{\376\377\145\164\117\123\145\271\150\110\213\276\213\241}{subsection.3.3}% 19
\BOOKMARK [3][-]{subsubsection.3.3.2}{\376\377\230\166\134\102\152\041\127\127\213\276\213\241}{subsection.3.3}% 20
\BOOKMARK [3][-]{subsubsection.3.3.3}{\376\377\137\025\201\032\117\134\165\050}{subsection.3.3}% 21
\BOOKMARK [3][-]{subsubsection.3.3.4}{\376\377\123\237\164\006\126\376\124\214\165\065\215\357\126\376}{subsection.3.3}% 22
\BOOKMARK [3][-]{subsubsection.3.3.5}{\376\377\116\377\167\037\155\113\213\325\126\376}{subsection.3.3}% 23
\BOOKMARK [3][-]{subsubsection.3.3.6}{\376\377\225\031\213\357\163\260\214\141\123\312\122\006\147\220}{subsection.3.3}% 24
\BOOKMARK [2][-]{subsection.3.4}{\376\377\0004\117\115\145\340\173\046\123\367\145\160\116\130\154\325\126\150}{section.3}% 25
\BOOKMARK [3][-]{subsubsection.3.4.1}{\376\377\145\164\117\123\145\271\150\110\213\276\213\241}{subsection.3.4}% 26
\BOOKMARK [3][-]{subsubsection.3.4.2}{\376\377\230\166\134\102\152\041\127\127\213\276\213\241}{subsection.3.4}% 27
\BOOKMARK [3][-]{subsubsection.3.4.3}{\376\377\137\025\201\032\117\134\165\050}{subsection.3.4}% 28
\BOOKMARK [3][-]{subsubsection.3.4.4}{\376\377\123\237\164\006\126\376\124\214\165\065\215\357\126\376}{subsection.3.4}% 29
\BOOKMARK [3][-]{subsubsection.3.4.5}{\376\377\116\377\167\037\155\113\213\325\126\376}{subsection.3.4}% 30
\BOOKMARK [3][-]{subsubsection.3.4.6}{\376\377\225\031\213\357\163\260\214\141\123\312\122\006\147\220}{subsection.3.4}% 31
\BOOKMARK [2][-]{subsection.3.5}{\376\377\133\304\133\130\126\150\130\006\133\236\232\214}{section.3}% 32
\BOOKMARK [3][-]{subsubsection.3.5.1}{\376\377\145\164\117\123\145\271\150\110\213\276\213\241}{subsection.3.5}% 33
\BOOKMARK [3][-]{subsubsection.3.5.2}{\376\377\230\166\134\102\152\041\127\127\213\276\213\241}{subsection.3.5}% 34
\BOOKMARK [3][-]{subsubsection.3.5.3}{\376\377\137\025\201\032\117\134\165\050}{subsection.3.5}% 35
\BOOKMARK [3][-]{subsubsection.3.5.4}{\376\377\123\237\164\006\126\376\124\214\165\065\215\357\126\376}{subsection.3.5}% 36
\BOOKMARK [3][-]{subsubsection.3.5.5}{\376\377\116\377\167\037\155\113\213\325\126\376}{subsection.3.5}% 37
\BOOKMARK [3][-]{subsubsection.3.5.6}{\376\377\225\031\213\357\163\260\214\141\123\312\122\006\147\220}{subsection.3.5}% 38
\BOOKMARK [1][-]{section.4}{\376\377\140\035\200\003\230\230}{}% 39
\BOOKMARK [2][-]{subsection.4.1}{\376\377\127\050\145\160\133\127\145\366\224\237\133\236\232\214\116\055\377\014\131\202\147\234\227\000\211\201\130\236\122\240\225\371\224\237\122\237\200\375\377\014\165\065\215\357\116\055\227\000\211\201\131\202\117\125\117\356\145\071\377\037}{section.4}% 40
\BOOKMARK [2][-]{subsection.4.2}{\376\377\131\202\117\125\117\356\145\071\000\040\0004\000\040\117\115\145\340\173\046\123\367\145\160\116\130\154\325\126\150\165\065\215\357\377\014\117\177\121\166\133\236\163\260\000\040\0004\000\040\117\115\000\040\000B\000o\000o\000t\000h\000\040\116\130\154\325\126\150\166\204\122\237\200\375\377\037}{section.4}% 41
\BOOKMARK [2][-]{subsection.4.3}{\376\377\131\202\117\125\133\236\163\260\000\040\0004\000\040\117\115\145\340\173\046\123\367\145\160\226\144\154\325\126\150\000?}{section.4}% 42
