\BOOKMARK [1][-]{section.1}{\376\377\133\236\232\214\166\356\166\204}{}% 1
\BOOKMARK [1][-]{section.2}{\376\377\133\236\232\214\163\257\130\203}{}% 2
\BOOKMARK [1][-]{section.3}{\376\377\133\236\232\214\121\205\133\271}{}% 3
\BOOKMARK [2][-]{subsection.3.1}{\376\377\213\321\170\001\126\150\133\236\232\214}{section.3}% 4
\BOOKMARK [3][-]{subsubsection.3.1.1}{\376\377\145\164\117\123\145\271\150\110\213\276\213\241}{subsection.3.1}% 5
\BOOKMARK [3][-]{subsubsection.3.1.2}{\376\377\230\166\134\102\152\041\127\127\213\276\213\241}{subsection.3.1}% 6
\BOOKMARK [3][-]{subsubsection.3.1.3}{\376\377\137\025\201\032\117\134\165\050}{subsection.3.1}% 7
\BOOKMARK [3][-]{subsubsection.3.1.4}{\376\377\123\237\164\006\126\376\124\214\165\065\215\357\126\376}{subsection.3.1}% 8
\BOOKMARK [3][-]{subsubsection.3.1.5}{\376\377\116\377\167\037\155\113\213\325\126\376}{subsection.3.1}% 9
\BOOKMARK [3][-]{subsubsection.3.1.6}{\376\377\225\031\213\357\163\260\214\141\123\312\122\006\147\220}{subsection.3.1}% 10
\BOOKMARK [2][-]{subsection.3.2}{\376\377\177\026\170\001\126\150\133\236\232\214}{section.3}% 11
\BOOKMARK [3][-]{subsubsection.3.2.1}{\376\377\145\164\117\123\145\271\150\110\213\276\213\241}{subsection.3.2}% 12
\BOOKMARK [3][-]{subsubsection.3.2.2}{\376\377\230\166\134\102\152\041\127\127\213\276\213\241}{subsection.3.2}% 13
\BOOKMARK [3][-]{subsubsection.3.2.3}{\376\377\137\025\201\032\117\134\165\050}{subsection.3.2}% 14
\BOOKMARK [3][-]{subsubsection.3.2.4}{\376\377\123\237\164\006\126\376\124\214\165\065\215\357\126\376}{subsection.3.2}% 15
\BOOKMARK [3][-]{subsubsection.3.2.5}{\376\377\116\377\167\037\155\113\213\325\126\376}{subsection.3.2}% 16
\BOOKMARK [3][-]{subsubsection.3.2.6}{\376\377\225\031\213\357\163\260\214\141\123\312\122\006\147\220}{subsection.3.2}% 17
\BOOKMARK [2][-]{subsection.3.3}{\376\377\122\240\154\325\126\150\133\236\232\214}{section.3}% 18
\BOOKMARK [3][-]{subsubsection.3.3.1}{\376\377\145\164\117\123\145\271\150\110\213\276\213\241}{subsection.3.3}% 19
\BOOKMARK [3][-]{subsubsection.3.3.2}{\376\377\230\166\134\102\152\041\127\127\213\276\213\241}{subsection.3.3}% 20
\BOOKMARK [3][-]{subsubsection.3.3.3}{\376\377\137\025\201\032\117\134\165\050}{subsection.3.3}% 21
\BOOKMARK [3][-]{subsubsection.3.3.4}{\376\377\123\237\164\006\126\376\124\214\165\065\215\357\126\376}{subsection.3.3}% 22
\BOOKMARK [3][-]{subsubsection.3.3.5}{\376\377\116\377\167\037\155\113\213\325\126\376}{subsection.3.3}% 23
\BOOKMARK [3][-]{subsubsection.3.3.6}{\376\377\225\031\213\357\163\260\214\141\123\312\122\006\147\220}{subsection.3.3}% 24
\BOOKMARK [2][-]{subsection.3.4}{\376\377\0004\117\115\116\062\210\114\217\333\117\115\122\240\121\317\154\325\126\150}{section.3}% 25
\BOOKMARK [3][-]{subsubsection.3.4.1}{\376\377\145\164\117\123\145\271\150\110\213\276\213\241}{subsection.3.4}% 26
\BOOKMARK [3][-]{subsubsection.3.4.2}{\376\377\230\166\134\102\152\041\127\127\213\276\213\241}{subsection.3.4}% 27
\BOOKMARK [3][-]{subsubsection.3.4.3}{\376\377\137\025\201\032\117\134\165\050}{subsection.3.4}% 28
\BOOKMARK [3][-]{subsubsection.3.4.4}{\376\377\123\237\164\006\126\376\124\214\165\065\215\357\126\376}{subsection.3.4}% 29
\BOOKMARK [3][-]{subsubsection.3.4.5}{\376\377\116\377\167\037\155\113\213\325\126\376}{subsection.3.4}% 30
\BOOKMARK [3][-]{subsubsection.3.4.6}{\376\377\225\031\213\357\163\260\214\141\123\312\122\006\147\220}{subsection.3.4}% 31
\BOOKMARK [2][-]{subsection.3.5}{\376\377\154\111\146\016\170\001\150\041\232\214\165\065\215\357}{section.3}% 32
\BOOKMARK [3][-]{subsubsection.3.5.1}{\376\377\145\164\117\123\145\271\150\110\213\276\213\241}{subsection.3.5}% 33
\BOOKMARK [3][-]{subsubsection.3.5.2}{\376\377\230\166\134\102\152\041\127\127\213\276\213\241}{subsection.3.5}% 34
\BOOKMARK [3][-]{subsubsection.3.5.3}{\376\377\137\025\201\032\117\134\165\050}{subsection.3.5}% 35
\BOOKMARK [3][-]{subsubsection.3.5.4}{\376\377\123\237\164\006\126\376\124\214\165\065\215\357\126\376}{subsection.3.5}% 36
\BOOKMARK [3][-]{subsubsection.3.5.5}{\376\377\116\377\167\037\155\113\213\325\126\376}{subsection.3.5}% 37
\BOOKMARK [3][-]{subsubsection.3.5.6}{\376\377\225\031\213\357\163\260\214\141\123\312\122\006\147\220}{subsection.3.5}% 38
\BOOKMARK [2][-]{subsection.3.6}{\376\377\150\166\137\142\171\373\117\115\126\150}{section.3}% 39
\BOOKMARK [3][-]{subsubsection.3.6.1}{\376\377\145\164\117\123\145\271\150\110\213\276\213\241}{subsection.3.6}% 40
\BOOKMARK [3][-]{subsubsection.3.6.2}{\376\377\230\166\134\102\152\041\127\127\213\276\213\241}{subsection.3.6}% 41
\BOOKMARK [3][-]{subsubsection.3.6.3}{\376\377\137\025\201\032\117\134\165\050}{subsection.3.6}% 42
\BOOKMARK [3][-]{subsubsection.3.6.4}{\376\377\123\237\164\006\126\376\124\214\165\065\215\357\126\376}{subsection.3.6}% 43
\BOOKMARK [3][-]{subsubsection.3.6.5}{\376\377\116\377\167\037\155\113\213\325\126\376}{subsection.3.6}% 44
\BOOKMARK [3][-]{subsubsection.3.6.6}{\376\377\225\031\213\357\163\260\214\141\123\312\122\006\147\220}{subsection.3.6}% 45
\BOOKMARK [1][-]{section.4}{\376\377\140\035\200\003\230\230}{}% 46
\BOOKMARK [2][-]{subsection.4.1}{\376\377\117\356\145\071\133\236\232\214\116\055\166\204\122\240\154\325\126\150\165\065\215\357\377\014\165\037\142\020\217\333\117\115\150\007\137\327\000\040\000C\000F\060\001\156\242\121\372\150\007\137\327\000\040\000O\000F\060\001\173\046\123\367\150\007\137\327\000\040\000S\000F\000\040\124\214\176\323\147\234\116\072\226\366\150\007\137\327\117\115\000\040\000Z\000F\060\002}{section.4}% 47
\BOOKMARK [2][-]{subsection.4.2}{\376\377\127\050\142\147\210\114\153\324\217\203\143\007\116\344\145\366\377\014\220\032\136\070\117\177\165\050\121\317\154\325\217\320\173\227\124\016\377\014\122\044\145\255\150\007\137\327\117\115\166\204\145\271\137\017\147\145\133\236\163\260\377\014\213\325\220\032\217\307\116\012\217\360\122\240\154\325\126\150\133\236\232\214\116\076\117\213\213\364\146\016\122\044\122\053\166\204\145\271\154\325\060\002}{section.4}% 48
\BOOKMARK [2][-]{subsection.4.3}{\376\377\131\202\117\125\117\177\165\050\000\040\0008\000\040\117\115\150\166\137\142\171\373\117\115\126\150\142\151\134\125\122\060\000\040\0003\0002\000\040\117\115\150\166\137\142\171\373\117\115\126\150\060\002}{section.4}% 49
\BOOKMARK [2][-]{subsection.4.4}{\376\377\000L\000o\000g\000i\000s\000i\000m\000\040\143\320\117\233\217\223\121\372\176\304\116\366\000\040\000L\000E\000D\000\040\167\351\226\065\377\014\220\032\217\307\160\271\116\256\000\040\000l\000e\000d\000\040\160\157\166\204\145\271\137\017\146\076\171\072\133\127\173\046\377\014\117\356\145\071\000\040\000L\000E\000D\000\040\167\351\226\065\210\114\122\027\134\136\140\047\116\072\000\040\0001\0006\000*\0001\0006\377\014\146\076\171\072\040\034\123\127\131\047\040\035\116\044\116\052\154\111\133\127\377\014\133\127\117\123\123\357\201\352\220\011\060\002}{section.4}% 50
