\BOOKMARK [1][-]{section.1}{\376\377\133\236\232\214\166\356\166\204}{}% 1
\BOOKMARK [1][-]{section.2}{\376\377\133\236\232\214\163\257\130\203}{}% 2
\BOOKMARK [1][-]{section.3}{\376\377\133\236\232\214\121\205\133\271}{}% 3
\BOOKMARK [2][-]{subsection.3.1}{\376\377\0004\117\115\121\110\210\114\217\333\117\115\220\350\116\366\000C\000L\000U}{section.3}% 4
\BOOKMARK [3][-]{subsubsection.3.1.1}{\376\377\145\164\117\123\145\271\150\110\213\276\213\241}{subsection.3.1}% 5
\BOOKMARK [3][-]{subsubsection.3.1.2}{\376\377\230\166\134\102\152\041\127\127\213\276\213\241}{subsection.3.1}% 6
\BOOKMARK [3][-]{subsubsection.3.1.3}{\376\377\137\025\201\032\117\134\165\050}{subsection.3.1}% 7
\BOOKMARK [3][-]{subsubsection.3.1.4}{\376\377\123\237\164\006\126\376\124\214\165\065\215\357\126\376}{subsection.3.1}% 8
\BOOKMARK [3][-]{subsubsection.3.1.5}{\376\377\116\377\167\037\155\113\213\325\126\376}{subsection.3.1}% 9
\BOOKMARK [3][-]{subsubsection.3.1.6}{\376\377\225\031\213\357\163\260\214\141\123\312\122\006\147\220}{subsection.3.1}% 10
\BOOKMARK [2][-]{subsection.3.2}{\376\377\0004\117\115\137\353\220\037\122\240\154\325\126\150\000\040\000C\000L\000A}{section.3}% 11
\BOOKMARK [3][-]{subsubsection.3.2.1}{\376\377\145\164\117\123\145\271\150\110\213\276\213\241}{subsection.3.2}% 12
\BOOKMARK [3][-]{subsubsection.3.2.2}{\376\377\230\166\134\102\152\041\127\127\213\276\213\241}{subsection.3.2}% 13
\BOOKMARK [3][-]{subsubsection.3.2.3}{\376\377\137\025\201\032\117\134\165\050}{subsection.3.2}% 14
\BOOKMARK [3][-]{subsubsection.3.2.4}{\376\377\123\237\164\006\126\376\124\214\165\065\215\357\126\376}{subsection.3.2}% 15
\BOOKMARK [3][-]{subsubsection.3.2.5}{\376\377\116\377\167\037\155\113\213\325\126\376}{subsection.3.2}% 16
\BOOKMARK [3][-]{subsubsection.3.2.6}{\376\377\225\031\213\357\163\260\214\141\123\312\122\006\147\220}{subsection.3.2}% 17
\BOOKMARK [2][-]{subsection.3.3}{\376\377\0001\0006\117\115\116\044\176\247\121\110\210\114\217\333\117\115\122\240\154\325\126\150}{section.3}% 18
\BOOKMARK [3][-]{subsubsection.3.3.1}{\376\377\145\164\117\123\145\271\150\110\213\276\213\241}{subsection.3.3}% 19
\BOOKMARK [3][-]{subsubsection.3.3.2}{\376\377\230\166\134\102\152\041\127\127\213\276\213\241}{subsection.3.3}% 20
\BOOKMARK [3][-]{subsubsection.3.3.3}{\376\377\137\025\201\032\117\134\165\050}{subsection.3.3}% 21
\BOOKMARK [3][-]{subsubsection.3.3.4}{\376\377\123\237\164\006\126\376\124\214\165\065\215\357\126\376}{subsection.3.3}% 22
\BOOKMARK [3][-]{subsubsection.3.3.5}{\376\377\116\377\167\037\155\113\213\325\126\376}{subsection.3.3}% 23
\BOOKMARK [3][-]{subsubsection.3.3.6}{\376\377\225\031\213\357\163\260\214\141\123\312\122\006\147\220}{subsection.3.3}% 24
\BOOKMARK [2][-]{subsection.3.4}{\376\377\0003\0002\117\115\122\240\154\325\126\150}{section.3}% 25
\BOOKMARK [3][-]{subsubsection.3.4.1}{\376\377\145\164\117\123\145\271\150\110\213\276\213\241}{subsection.3.4}% 26
\BOOKMARK [3][-]{subsubsection.3.4.2}{\376\377\230\166\134\102\152\041\127\127\213\276\213\241}{subsection.3.4}% 27
\BOOKMARK [3][-]{subsubsection.3.4.3}{\376\377\137\025\201\032\117\134\165\050}{subsection.3.4}% 28
\BOOKMARK [3][-]{subsubsection.3.4.4}{\376\377\123\237\164\006\126\376\124\214\165\065\215\357\126\376}{subsection.3.4}% 29
\BOOKMARK [3][-]{subsubsection.3.4.5}{\376\377\116\377\167\037\155\113\213\325\126\376}{subsection.3.4}% 30
\BOOKMARK [3][-]{subsubsection.3.4.6}{\376\377\225\031\213\357\163\260\214\141\123\312\122\006\147\220}{subsection.3.4}% 31
\BOOKMARK [2][-]{subsection.3.5}{\376\377\000A\000L\000U\144\315\117\134\143\247\122\066\117\341\123\367\165\037\142\020\220\350\116\366}{section.3}% 32
\BOOKMARK [3][-]{subsubsection.3.5.1}{\376\377\145\164\117\123\145\271\150\110\213\276\213\241}{subsection.3.5}% 33
\BOOKMARK [3][-]{subsubsection.3.5.2}{\376\377\230\166\134\102\152\041\127\127\213\276\213\241}{subsection.3.5}% 34
\BOOKMARK [3][-]{subsubsection.3.5.3}{\376\377\137\025\201\032\117\134\165\050}{subsection.3.5}% 35
\BOOKMARK [3][-]{subsubsection.3.5.4}{\376\377\123\237\164\006\126\376\124\214\165\065\215\357\126\376}{subsection.3.5}% 36
\BOOKMARK [3][-]{subsubsection.3.5.5}{\376\377\116\377\167\037\155\113\213\325\126\376}{subsection.3.5}% 37
\BOOKMARK [3][-]{subsubsection.3.5.6}{\376\377\225\031\213\357\163\260\214\141\123\312\122\006\147\220}{subsection.3.5}% 38
\BOOKMARK [2][-]{subsection.3.6}{\376\377\0003\0002\117\115\150\166\137\142\171\373\117\115\126\150}{section.3}% 39
\BOOKMARK [2][-]{subsection.3.7}{\376\377\0003\0002\000\040\117\115\000\040\000A\000L\000U}{section.3}% 40
\BOOKMARK [3][-]{subsubsection.3.7.1}{\376\377\145\164\117\123\145\271\150\110\213\276\213\241}{subsection.3.7}% 41
\BOOKMARK [3][-]{subsubsection.3.7.2}{\376\377\137\025\201\032\117\134\165\050}{subsection.3.7}% 42
\BOOKMARK [3][-]{subsubsection.3.7.3}{\376\377\123\237\164\006\126\376\124\214\165\065\215\357\126\376}{subsection.3.7}% 43
\BOOKMARK [3][-]{subsubsection.3.7.4}{\376\377\116\377\167\037\155\113\213\325\126\376}{subsection.3.7}% 44
\BOOKMARK [3][-]{subsubsection.3.7.5}{\376\377\225\031\213\357\163\260\214\141\123\312\122\006\147\220}{subsection.3.7}% 45
\BOOKMARK [1][-]{section.4}{\376\377\140\035\200\003\230\230}{}% 46
\BOOKMARK [2][-]{subsection.4.1}{\376\377\122\051\165\050\213\276\213\241\166\204\000\040\000A\000L\000U\377\014\116\076\117\213\213\364\146\016\131\202\117\125\133\236\163\260\116\000\116\052\000\040\0003\0002\000\040\117\115\145\164\145\160\124\214\116\000\116\052\136\070\221\317\166\204\116\130\154\325\217\320\173\227\060\002}{section.4}% 47
\BOOKMARK [2][-]{subsection.4.2}{\376\377\147\345\226\005\215\104\145\231\377\014\213\364\213\364\226\144\116\206\121\110\210\114\217\333\117\115\122\240\154\325\126\150\116\345\131\026\217\330\147\011\124\352\116\233\232\330\220\037\136\166\210\114\131\032\117\115\116\214\217\333\122\066\145\160\122\240\154\325\173\227\154\325\377\014\201\363\134\021\173\200\211\201\213\364\146\016\116\000\171\315\173\227\154\325\166\204\133\236\163\260\155\101\172\013\060\002}{section.4}% 48
\BOOKMARK [2][-]{subsection.4.3}{\376\377\173\200\211\201\122\006\147\220\122\240\154\325\217\320\173\227\060\001\153\324\217\203\217\320\173\227\124\214\171\373\117\115\217\320\173\227\116\011\171\315\217\320\173\227\116\055\144\315\117\134\145\160\127\050\000\040\000A\000L\000U\000\040\116\055\176\317\217\307\166\204\220\073\217\221\225\350\176\247\145\160\060\002}{section.4}% 49
