\BOOKMARK [1][-]{section.1}{\376\377\133\236\232\214\166\356\166\204}{}% 1
\BOOKMARK [1][-]{section.2}{\376\377\133\236\232\214\163\257\130\203}{}% 2
\BOOKMARK [1][-]{section.3}{\376\377\133\236\232\214\121\205\133\271}{}% 3
\BOOKMARK [2][-]{subsection.3.1}{\376\377\143\247\122\066\126\150\213\276\213\241\133\236\232\214}{section.3}% 4
\BOOKMARK [3][-]{subsubsection.3.1.1}{\376\377\145\164\117\123\145\271\150\110\213\276\213\241}{subsection.3.1}% 5
\BOOKMARK [3][-]{subsubsection.3.1.2}{\376\377\137\025\201\032\117\134\165\050}{subsection.3.1}% 6
\BOOKMARK [3][-]{subsubsection.3.1.3}{\376\377\123\237\164\006\126\376\124\214\165\065\215\357\126\376}{subsection.3.1}% 7
\BOOKMARK [3][-]{subsubsection.3.1.4}{\376\377\116\377\167\037\155\113\213\325\126\376}{subsection.3.1}% 8
\BOOKMARK [3][-]{subsubsection.3.1.5}{\376\377\225\031\213\357\163\260\214\141\123\312\122\006\147\220}{subsection.3.1}% 9
\BOOKMARK [2][-]{subsection.3.2}{\376\377\123\125\124\150\147\037\000\040\000C\000P\000U\000\040\213\276\213\241\133\236\232\214}{section.3}% 10
\BOOKMARK [3][-]{subsubsection.3.2.1}{\376\377\145\164\117\123\145\271\150\110\213\276\213\241}{subsection.3.2}% 11
\BOOKMARK [3][-]{subsubsection.3.2.2}{\376\377\230\166\134\102\152\041\127\127\213\276\213\241}{subsection.3.2}% 12
\BOOKMARK [3][-]{subsubsection.3.2.3}{\376\377\137\025\201\032\117\134\165\050}{subsection.3.2}% 13
\BOOKMARK [3][-]{subsubsection.3.2.4}{\376\377\123\237\164\006\126\376\124\214\165\065\215\357\126\376}{subsection.3.2}% 14
\BOOKMARK [3][-]{subsubsection.3.2.5}{\376\377\116\377\167\037\155\113\213\325\126\376}{subsection.3.2}% 15
\BOOKMARK [3][-]{subsubsection.3.2.6}{\376\377\225\031\213\357\163\260\214\141\123\312\122\006\147\220}{subsection.3.2}% 16
\BOOKMARK [2][-]{subsection.3.3}{\376\377\165\050\175\057\122\240\124\214\172\013\136\217\232\214\213\301\000\040\000C\000P\000U\000\040\213\276\213\241}{section.3}% 17
\BOOKMARK [3][-]{subsubsection.3.3.1}{\376\377\116\377\167\037\155\113\213\325\126\376}{subsection.3.3}% 18
\BOOKMARK [2][-]{subsection.3.4}{\376\377\165\050\121\222\154\341\143\222\136\217\172\013\136\217\217\333\210\114\000\040\000C\000P\000U\000\040\213\276\213\241\232\214\213\301}{section.3}% 19
\BOOKMARK [3][-]{subsubsection.3.4.1}{\376\377\116\377\167\037\155\113\213\325\126\376}{subsection.3.4}% 20
\BOOKMARK [2][-]{subsection.3.5}{\376\377\000C\172\013\136\217\154\107\177\026\155\113\213\325}{section.3}% 21
\BOOKMARK [1][-]{section.4}{\376\377\140\035\200\003\230\230}{}% 22
\BOOKMARK [2][-]{subsection.4.1}{\376\377\127\050\175\057\122\240\124\214\213\241\173\227\172\013\136\217\116\055\000,\155\373\122\240\156\242\121\372\122\044\213\373\213\355\123\345\000,\136\166\142\212\147\000\131\047\166\204\116\015\156\242\121\372\175\057\213\241\124\214\116\345\123\312\175\057\122\240\136\217\145\160\117\335\133\130\122\060\145\160\143\156\133\130\120\250\126\150\116\055\217\223\121\372\060\002}{section.4}% 23
\BOOKMARK [2][-]{subsection.4.2}{\376\377\131\202\147\234\122\006\145\057\215\363\217\154\143\007\116\344\116\015\127\050\000\040\000A\000L\000U\000\040\121\205\220\350\117\177\165\050\121\317\154\325\217\320\173\227\147\145\133\236\163\260\000,\200\014\146\057\127\050\000\040\000A\000L\000U\000\040\131\026\117\177\165\050\162\354\172\313\153\324\217\203\126\150\147\145\133\236\163\260\000,\213\364\213\364\123\125\124\150\147\037\000\040\000C\000P\000U\000\040\166\204\165\065\215\357\123\237\164\006\126\376\116\055\227\000\211\201\120\132\124\352\116\233\117\356\145\071\377\037}{section.4}% 24
\BOOKMARK [2][-]{subsection.4.3}{\376\377\133\236\163\260\123\125\124\150\147\037\000\040\000C\000P\000U\000\040\124\016\000,\131\202\117\125\133\236\163\260\225\056\166\330\217\223\121\145\060\001\000T\000T\000Y\000\040\217\223\121\372\220\350\116\366\173\111\217\223\121\145\217\223\121\372\213\276\131\007\166\204\145\160\143\156\213\277\225\356\000,\147\204\136\372\133\214\145\164\166\204\213\241\173\227\147\072\174\373\176\337\060\002}{section.4}% 25
\BOOKMARK [2][-]{subsection.4.4}{\376\377\131\202\147\234\227\000\211\201\133\236\163\260\000\040\0005\000\040\176\247\155\101\154\064\176\277\000\040\000R\000V\0003\0002\000I\000\040\000C\000P\000U\000,\122\031\131\202\117\125\127\050\123\125\124\150\147\037\000\040\000C\000P\000U\000\040\127\372\170\100\116\012\217\333\210\114\117\356\145\071\377\037}{section.4}% 26
